2026-05-31 17:46:06 - BLOCKED - facebook.com
2026-05-31 17:46:06 - BLOCKED - facebook.com
2026-05-31 17:49:54 - BLOCKED - facebook.com (Type: 1)
2026-05-31 17:49:54 - BLOCKED - facebook.com (Type: 28)
2026-05-31 17:50:05 - BLOCKED - facebook.com (Type: 1)
2026-05-31 17:50:05 - BLOCKED - facebook.com (Type: 28)
2026-05-31 17:50:40 - BLOCKED - doubleclick.net (Type: 1)
2026-05-31 17:50:40 - BLOCKED - doubleclick.net (Type: 28)
2026-05-31 18:01:54 - BLOCKED - facebook.com (Type: 1)
2026-05-31 18:01:54 - BLOCKED - facebook.com (Type: 28)
2026-05-31 18:01:55 - BLOCKED - facebook.com (Type: 1)
2026-05-31 18:01:55 - BLOCKED - facebook.com (Type: 28)
2026-05-31 18:01:56 - BLOCKED - facebook.com (Type: 1)
2026-05-31 18:01:56 - BLOCKED - facebook.com (Type: 28)
2026-05-31 18:01:57 - BLOCKED - facebook.com (Type: 1)
2026-05-31 18:01:57 - BLOCKED - facebook.com (Type: 28)
2026-05-31 18:01:57 - BLOCKED - facebook.com (Type: 1)
2026-05-31 18:01:57 - BLOCKED - facebook.com (Type: 28)
2026-05-31 18:03:11 - BLOCKED - facebook.com (Type: 1)
2026-05-31 18:03:11 - BLOCKED - facebook.com (Type: 28)
2026-05-31 18:04:13 - BLOCKED - track.evil-tracker.com (Type: 1)
2026-05-31 18:04:13 - BLOCKED - track.evil-tracker.com (Type: 28)
2026-05-31 18:04:14 - BLOCKED - track.evil-tracker.com (Type: 1)
2026-05-31 18:04:14 - BLOCKED - track.evil-tracker.com (Type: 28)
2026-05-31 18:04:15 - BLOCKED - track.evil-tracker.com (Type: 1)
2026-05-31 18:04:15 - BLOCKED - track.evil-tracker.com (Type: 28)
2026-05-31 18:04:15 - BLOCKED - track.evil-tracker.com (Type: 1)
2026-05-31 18:04:15 - BLOCKED - track.evil-tracker.com (Type: 28)
2026-05-31 18:04:35 - BLOCKED - ads.google.com (Type: 1)
2026-05-31 18:04:35 - BLOCKED - ads.google.com (Type: 28)
2026-05-31 18:04:36 - BLOCKED - ads.google.com (Type: 1)
2026-05-31 18:04:36 - BLOCKED - ads.google.com (Type: 28)
2026-05-31 18:04:36 - BLOCKED - ads.google.com (Type: 1)
2026-05-31 18:04:36 - BLOCKED - ads.google.com (Type: 28)
2026-05-31 18:04:37 - BLOCKED - ads.google.com (Type: 1)
2026-05-31 18:04:37 - BLOCKED - ads.google.com (Type: 28)
2026-05-31 18:06:31 - BLOCKED - bing.com (Type: 1)
2026-05-31 18:06:31 - BLOCKED - bing.com (Type: 28)
2026-05-31 18:06:32 - BLOCKED - bing.com (Type: 1)
2026-05-31 18:06:32 - BLOCKED - bing.com (Type: 28)
2026-05-31 18:06:33 - BLOCKED - bing.com (Type: 1)
2026-05-31 18:06:33 - BLOCKED - bing.com (Type: 28)
2026-05-31 18:06:33 - BLOCKED - bing.com (Type: 1)
2026-05-31 18:06:33 - BLOCKED - bing.com (Type: 28)
2026-05-31 18:06:33 - BLOCKED - bing.com (Type: 1)
2026-05-31 18:06:33 - BLOCKED - bing.com (Type: 28)
